# JRE version: OpenJDK Runtime Environment Temurin-17.0.3+7 (17.0.3+7) (build 17.0.3+7)
# Java VM: OpenJDK 64-Bit Server VM Temurin-17.0.3+7 (17.0.3+7, mixed mode, emulated-client, tiered, compressed oops, compressed class ptrs, g1 gc, windows-amd64)
GC Precious Log:
 CPUs: 8 total, 8 available
 Memory: 6091M
 Large Page Support: Disabled
 NUMA Support: Disabled
 Compressed Oops: Enabled (32-bit)
 Heap Region Size: 1M
 Heap Min Capacity: 8M
 Heap Initial Capacity: 96M
 Heap Max Capacity: 1524M
 Pre-touch: Disabled
 Parallel Workers: 8
 Concurrent Workers: 2
 Concurrent Refinement Workers: 8
 Periodic GC: Disabled
Heap:
 garbage-first heap   total 98304K, used 46158K [0x00000000a0c00000, 0x0000000100000000)
  region size 1024K, 3 young (3072K), 3 survivors (3072K)
 Metaspace       used 34167K, committed 34496K, reserved 1081344K
  class space    used 4433K, committed 4608K, reserved 1048576K
GC Heap History (20 events):
Event: 3.507 GC heap after
{Heap after GC invocations=7 (full 0):
 garbage-first heap   total 45056K, used 18075K [0x00000000a0c00000, 0x0000000100000000)
  region size 1024K, 2 young (2048K), 2 survivors (2048K)
 Metaspace       used 29817K, committed 30080K, reserved 1081344K
  class space    used 3752K, committed 3904K, reserved 1048576K
}
Event: 3.779 GC heap before
{Heap before GC invocations=7 (full 0):
 garbage-first heap   total 45056K, used 30363K [0x00000000a0c00000, 0x0000000100000000)
  region size 1024K, 15 young (15360K), 2 survivors (2048K)
 Metaspace       used 31866K, committed 32128K, reserved 1081344K
  class space    used 4042K, committed 4160K, reserved 1048576K
}
Event: 3.786 GC heap after
{Heap after GC invocations=8 (full 0):
 garbage-first heap   total 54272K, used 19846K [0x00000000a0c00000, 0x0000000100000000)
  region size 1024K, 2 young (2048K), 2 survivors (2048K)
 Metaspace       used 31866K, committed 32128K, reserved 1081344K
  class space    used 4042K, committed 4160K, reserved 1048576K
}
Event: 3.874 GC heap before
{Heap before GC invocations=8 (full 0):
 garbage-first heap   total 54272K, used 36230K [0x00000000a0c00000, 0x0000000100000000)
  region size 1024K, 19 young (19456K), 2 survivors (2048K)
 Metaspace       used 32064K, committed 32256K, reserved 1081344K
  class space    used 4069K, committed 4160K, reserved 1048576K
}
Event: 3.879 GC heap after
{Heap after GC invocations=9 (full 0):
 garbage-first heap   total 54272K, used 22935K [0x00000000a0c00000, 0x0000000100000000)
  region size 1024K, 3 young (3072K), 3 survivors (3072K)
 Metaspace       used 32064K, committed 32256K, reserved 1081344K
  class space    used 4069K, committed 4160K, reserved 1048576K
}
Event: 3.956 GC heap before
{Heap before GC invocations=9 (full 0):
 garbage-first heap   total 54272K, used 37271K [0x00000000a0c00000, 0x0000000100000000)
  region size 1024K, 18 young (18432K), 3 survivors (3072K)
 Metaspace       used 32274K, committed 32512K, reserved 1081344K
  class space    used 4100K, committed 4224K, reserved 1048576K
}
Event: 3.960 GC heap after
{Heap after GC invocations=10 (full 0):
 garbage-first heap   total 54272K, used 26151K [0x00000000a0c00000, 0x0000000100000000)
  region size 1024K, 3 young (3072K), 3 survivors (3072K)
 Metaspace       used 32274K, committed 32512K, reserved 1081344K
  class space    used 4100K, committed 4224K, reserved 1048576K
}
Event: 4.003 GC heap before
{Heap before GC invocations=10 (full 0):
 garbage-first heap   total 54272K, used 39463K [0x00000000a0c00000, 0x0000000100000000)
  region size 1024K, 16 young (16384K), 3 survivors (3072K)
 Metaspace       used 32372K, committed 32640K, reserved 1081344K
  class space    used 4115K, committed 4224K, reserved 1048576K
}
Event: 4.008 GC heap after
{Heap after GC invocations=11 (full 0):
 garbage-first heap   total 54272K, used 30653K [0x00000000a0c00000, 0x0000000100000000)
  region size 1024K, 2 young (2048K), 2 survivors (2048K)
 Metaspace       used 32372K, committed 32640K, reserved 1081344K
  class space    used 4115K, committed 4224K, reserved 1048576K
}
Event: 4.142 GC heap before
{Heap before GC invocations=12 (full 0):
 garbage-first heap   total 61440K, used 38845K [0x00000000a0c00000, 0x0000000100000000)
  region size 1024K, 11 young (11264K), 2 survivors (2048K)
 Metaspace       used 32837K, committed 33088K, reserved 1081344K
  class space    used 4197K, committed 4288K, reserved 1048576K
}
Event: 4.148 GC heap after
{Heap after GC invocations=13 (full 0):
 garbage-first heap   total 61440K, used 34040K [0x00000000a0c00000, 0x0000000100000000)
  region size 1024K, 2 young (2048K), 2 survivors (2048K)
 Metaspace       used 32837K, committed 33088K, reserved 1081344K
  class space    used 4197K, committed 4288K, reserved 1048576K
}
Event: 4.167 GC heap before
{Heap before GC invocations=13 (full 0):
 garbage-first heap   total 61440K, used 35064K [0x00000000a0c00000, 0x0000000100000000)
  region size 1024K, 3 young (3072K), 2 survivors (2048K)
 Metaspace       used 33038K, committed 33344K, reserved 1081344K
  class space    used 4228K, committed 4352K, reserved 1048576K
}
Event: 4.170 GC heap after
{Heap after GC invocations=14 (full 0):
 garbage-first heap   total 89088K, used 34601K [0x00000000a0c00000, 0x0000000100000000)
  region size 1024K, 1 young (1024K), 1 survivors (1024K)
 Metaspace       used 33038K, committed 33344K, reserved 1081344K
  class space    used 4228K, committed 4352K, reserved 1048576K
}
Event: 4.574 GC heap before
{Heap before GC invocations=14 (full 0):
 garbage-first heap   total 89088K, used 59177K [0x00000000a0c00000, 0x0000000100000000)
  region size 1024K, 25 young (25600K), 1 survivors (1024K)
 Metaspace       used 33839K, committed 34176K, reserved 1081344K
  class space    used 4401K, committed 4544K, reserved 1048576K
}
Event: 4.581 GC heap after
{Heap after GC invocations=15 (full 0):
 garbage-first heap   total 89088K, used 40228K [0x00000000a0c00000, 0x0000000100000000)
  region size 1024K, 4 young (4096K), 4 survivors (4096K)
 Metaspace       used 33839K, committed 34176K, reserved 1081344K
  class space    used 4401K, committed 4544K, reserved 1048576K
}
Event: 4.671 GC heap before
{Heap before GC invocations=15 (full 0):
 garbage-first heap   total 89088K, used 59684K [0x00000000a0c00000, 0x0000000100000000)
  region size 1024K, 24 young (24576K), 4 survivors (4096K)
 Metaspace       used 34041K, committed 34368K, reserved 1081344K
  class space    used 4424K, committed 4608K, reserved 1048576K
}
Event: 4.683 GC heap after
{Heap after GC invocations=16 (full 0):
 garbage-first heap   total 89088K, used 43783K [0x00000000a0c00000, 0x0000000100000000)
  region size 1024K, 3 young (3072K), 3 survivors (3072K)
 Metaspace       used 34041K, committed 34368K, reserved 1081344K
  class space    used 4424K, committed 4608K, reserved 1048576K
}
Event: 4.710 GC heap before
{Heap before GC invocations=16 (full 0):
 garbage-first heap   total 89088K, used 62215K [0x00000000a0c00000, 0x0000000100000000)
  region size 1024K, 22 young (22528K), 3 survivors (3072K)
 Metaspace       used 34167K, committed 34496K, reserved 1081344K
  class space    used 4433K, committed 4608K, reserved 1048576K
}
Event: 4.718 GC heap after
{Heap after GC invocations=17 (full 0):
 garbage-first heap   total 89088K, used 45321K [0x00000000a0c00000, 0x0000000100000000)
  region size 1024K, 2 young (2048K), 2 survivors (2048K)
 Metaspace       used 34167K, committed 34496K, reserved 1081344K
  class space    used 4433K, committed 4608K, reserved 1048576K
}
Event: 4.742 GC heap before
{Heap before GC invocations=17 (full 0):
 garbage-first heap   total 89088K, used 64777K [0x00000000a0c00000, 0x0000000100000000)
  region size 1024K, 22 young (22528K), 2 survivors (2048K)
 Metaspace       used 34167K, committed 34496K, reserved 1081344K
  class space    used 4433K, committed 4608K, reserved 1048576K
}

