# JRE version: OpenJDK Runtime Environment Temurin-17.0.3+7 (17.0.3+7) (build 17.0.3+7)
# Java VM: OpenJDK 64-Bit Server VM Temurin-17.0.3+7 (17.0.3+7, mixed mode, emulated-client, tiered, compressed oops, compressed class ptrs, g1 gc, windows-amd64)
GC Precious Log:
 CPUs: 8 total, 8 available
 Memory: 6091M
 Large Page Support: Disabled
 NUMA Support: Disabled
 Compressed Oops: Enabled (32-bit)
 Heap Region Size: 1M
 Heap Min Capacity: 8M
 Heap Initial Capacity: 96M
 Heap Max Capacity: 1524M
 Pre-touch: Disabled
 Parallel Workers: 8
 Concurrent Workers: 2
 Concurrent Refinement Workers: 8
 Periodic GC: Disabled
Heap:
 garbage-first heap   total 98304K, used 46555K [0x00000000a0c00000, 0x0000000100000000)
  region size 1024K, 2 young (2048K), 2 survivors (2048K)
 Metaspace       used 34158K, committed 34496K, reserved 1081344K
  class space    used 4428K, committed 4608K, reserved 1048576K
GC Heap History (20 events):
Event: 16.887 GC heap after
{Heap after GC invocations=11 (full 0):
 garbage-first heap   total 67584K, used 26601K [0x00000000a0c00000, 0x0000000100000000)
  region size 1024K, 2 young (2048K), 2 survivors (2048K)
 Metaspace       used 31923K, committed 32192K, reserved 1081344K
  class space    used 4045K, committed 4160K, reserved 1048576K
}
Event: 17.241 GC heap before
{Heap before GC invocations=12 (full 0):
 garbage-first heap   total 67584K, used 47081K [0x00000000a0c00000, 0x0000000100000000)
  region size 1024K, 22 young (22528K), 2 survivors (2048K)
 Metaspace       used 33274K, committed 33600K, reserved 1081344K
  class space    used 4267K, committed 4416K, reserved 1048576K
}
Event: 17.249 GC heap after
{Heap after GC invocations=13 (full 0):
 garbage-first heap   total 67584K, used 31989K [0x00000000a0c00000, 0x0000000100000000)
  region size 1024K, 3 young (3072K), 3 survivors (3072K)
 Metaspace       used 33274K, committed 33600K, reserved 1081344K
  class space    used 4267K, committed 4416K, reserved 1048576K
}
Event: 17.473 GC heap before
{Heap before GC invocations=13 (full 0):
 garbage-first heap   total 67584K, used 47349K [0x00000000a0c00000, 0x0000000100000000)
  region size 1024K, 19 young (19456K), 3 survivors (3072K)
 Metaspace       used 33834K, committed 34176K, reserved 1081344K
  class space    used 4396K, committed 4544K, reserved 1048576K
}
Event: 17.479 GC heap after
{Heap after GC invocations=14 (full 0):
 garbage-first heap   total 67584K, used 35827K [0x00000000a0c00000, 0x0000000100000000)
  region size 1024K, 3 young (3072K), 3 survivors (3072K)
 Metaspace       used 33834K, committed 34176K, reserved 1081344K
  class space    used 4396K, committed 4544K, reserved 1048576K
}
Event: 18.039 GC heap before
{Heap before GC invocations=14 (full 0):
 garbage-first heap   total 67584K, used 49139K [0x00000000a0c00000, 0x0000000100000000)
  region size 1024K, 17 young (17408K), 3 survivors (3072K)
 Metaspace       used 33924K, committed 34240K, reserved 1081344K
  class space    used 4406K, committed 4544K, reserved 1048576K
}
Event: 18.052 GC heap after
{Heap after GC invocations=15 (full 0):
 garbage-first heap   total 67584K, used 41202K [0x00000000a0c00000, 0x0000000100000000)
  region size 1024K, 3 young (3072K), 3 survivors (3072K)
 Metaspace       used 33924K, committed 34240K, reserved 1081344K
  class space    used 4406K, committed 4544K, reserved 1048576K
}
Event: 18.838 GC heap before
{Heap before GC invocations=16 (full 0):
 garbage-first heap   total 71680K, used 50418K [0x00000000a0c00000, 0x0000000100000000)
  region size 1024K, 13 young (13312K), 3 survivors (3072K)
 Metaspace       used 34032K, committed 34368K, reserved 1081344K
  class space    used 4419K, committed 4608K, reserved 1048576K
}
Event: 18.847 GC heap after
{Heap after GC invocations=17 (full 0):
 garbage-first heap   total 71680K, used 42419K [0x00000000a0c00000, 0x0000000100000000)
  region size 1024K, 1 young (1024K), 1 survivors (1024K)
 Metaspace       used 34032K, committed 34368K, reserved 1081344K
  class space    used 4419K, committed 4608K, reserved 1048576K
}
Event: 18.924 GC heap before
{Heap before GC invocations=17 (full 0):
 garbage-first heap   total 71680K, used 53683K [0x00000000a0c00000, 0x0000000100000000)
  region size 1024K, 13 young (13312K), 1 survivors (1024K)
 Metaspace       used 34158K, committed 34496K, reserved 1081344K
  class space    used 4428K, committed 4608K, reserved 1048576K
}
Event: 18.926 GC heap after
{Heap after GC invocations=18 (full 0):
 garbage-first heap   total 71680K, used 42794K [0x00000000a0c00000, 0x0000000100000000)
  region size 1024K, 2 young (2048K), 2 survivors (2048K)
 Metaspace       used 34158K, committed 34496K, reserved 1081344K
  class space    used 4428K, committed 4608K, reserved 1048576K
}
Event: 18.965 GC heap before
{Heap before GC invocations=18 (full 0):
 garbage-first heap   total 71680K, used 54058K [0x00000000a0c00000, 0x0000000100000000)
  region size 1024K, 14 young (14336K), 2 survivors (2048K)
 Metaspace       used 34158K, committed 34496K, reserved 1081344K
  class space    used 4428K, committed 4608K, reserved 1048576K
}
Event: 18.968 GC heap after
{Heap after GC invocations=19 (full 0):
 garbage-first heap   total 86016K, used 43605K [0x00000000a0c00000, 0x0000000100000000)
  region size 1024K, 2 young (2048K), 2 survivors (2048K)
 Metaspace       used 34158K, committed 34496K, reserved 1081344K
  class space    used 4428K, committed 4608K, reserved 1048576K
}
Event: 19.022 GC heap before
{Heap before GC invocations=19 (full 0):
 garbage-first heap   total 96256K, used 63061K [0x00000000a0c00000, 0x0000000100000000)
  region size 1024K, 22 young (22528K), 2 survivors (2048K)
 Metaspace       used 34158K, committed 34496K, reserved 1081344K
  class space    used 4428K, committed 4608K, reserved 1048576K
}
Event: 19.024 GC heap after
{Heap after GC invocations=20 (full 0):
 garbage-first heap   total 96256K, used 44354K [0x00000000a0c00000, 0x0000000100000000)
  region size 1024K, 3 young (3072K), 3 survivors (3072K)
 Metaspace       used 34158K, committed 34496K, reserved 1081344K
  class space    used 4428K, committed 4608K, reserved 1048576K
}
Event: 19.052 GC heap before
{Heap before GC invocations=21 (full 0):
 garbage-first heap   total 96256K, used 69954K [0x00000000a0c00000, 0x0000000100000000)
  region size 1024K, 30 young (30720K), 3 survivors (3072K)
 Metaspace       used 34158K, committed 34496K, reserved 1081344K
  class space    used 4428K, committed 4608K, reserved 1048576K
}
Event: 19.054 GC heap after
{Heap after GC invocations=22 (full 0):
 garbage-first heap   total 96256K, used 45603K [0x00000000a0c00000, 0x0000000100000000)
  region size 1024K, 3 young (3072K), 3 survivors (3072K)
 Metaspace       used 34158K, committed 34496K, reserved 1081344K
  class space    used 4428K, committed 4608K, reserved 1048576K
}
Event: 19.057 GC heap before
{Heap before GC invocations=22 (full 0):
 garbage-first heap   total 96256K, used 45603K [0x00000000a0c00000, 0x0000000100000000)
  region size 1024K, 4 young (4096K), 3 survivors (3072K)
 Metaspace       used 34158K, committed 34496K, reserved 1081344K
  class space    used 4428K, committed 4608K, reserved 1048576K
}
Event: 19.060 GC heap after
{Heap after GC invocations=23 (full 0):
 garbage-first heap   total 96256K, used 45413K [0x00000000a0c00000, 0x0000000100000000)
  region size 1024K, 1 young (1024K), 1 survivors (1024K)
 Metaspace       used 34158K, committed 34496K, reserved 1081344K
  class space    used 4428K, committed 4608K, reserved 1048576K
}
Event: 19.097 GC heap before
{Heap before GC invocations=23 (full 0):
 garbage-first heap   total 96256K, used 73061K [0x00000000a0c00000, 0x0000000100000000)
  region size 1024K, 29 young (29696K), 1 survivors (1024K)
 Metaspace       used 34158K, committed 34496K, reserved 1081344K
  class space    used 4428K, committed 4608K, reserved 1048576K
}

