# JRE version: OpenJDK Runtime Environment Temurin-17.0.3+7 (17.0.3+7) (build 17.0.3+7)
# Java VM: OpenJDK 64-Bit Server VM Temurin-17.0.3+7 (17.0.3+7, mixed mode, emulated-client, tiered, compressed oops, compressed class ptrs, g1 gc, windows-amd64)
GC Precious Log:
 CPUs: 8 total, 8 available
 Memory: 6091M
 Large Page Support: Disabled
 NUMA Support: Disabled
 Compressed Oops: Enabled (32-bit)
 Heap Region Size: 1M
 Heap Min Capacity: 8M
 Heap Initial Capacity: 96M
 Heap Max Capacity: 1524M
 Pre-touch: Disabled
 Parallel Workers: 8
 Concurrent Workers: 2
 Concurrent Refinement Workers: 8
 Periodic GC: Disabled
Heap:
 garbage-first heap   total 87040K, used 46381K [0x00000000a0c00000, 0x0000000100000000)
  region size 1024K, 3 young (3072K), 3 survivors (3072K)
 Metaspace       used 34162K, committed 34496K, reserved 1081344K
  class space    used 4427K, committed 4608K, reserved 1048576K
GC Heap History (20 events):
Event: 3.740 GC heap after
{Heap after GC invocations=8 (full 0):
 garbage-first heap   total 60416K, used 15447K [0x00000000a0c00000, 0x0000000100000000)
  region size 1024K, 2 young (2048K), 2 survivors (2048K)
 Metaspace       used 29439K, committed 29760K, reserved 1081344K
  class space    used 3705K, committed 3840K, reserved 1048576K
}
Event: 4.143 GC heap before
{Heap before GC invocations=8 (full 0):
 garbage-first heap   total 60416K, used 41047K [0x00000000a0c00000, 0x0000000100000000)
  region size 1024K, 28 young (28672K), 2 survivors (2048K)
 Metaspace       used 32193K, committed 32448K, reserved 1081344K
  class space    used 4082K, committed 4224K, reserved 1048576K
}
Event: 4.149 GC heap after
{Heap after GC invocations=9 (full 0):
 garbage-first heap   total 60416K, used 19434K [0x00000000a0c00000, 0x0000000100000000)
  region size 1024K, 4 young (4096K), 4 survivors (4096K)
 Metaspace       used 32193K, committed 32448K, reserved 1081344K
  class space    used 4082K, committed 4224K, reserved 1048576K
}
Event: 4.248 GC heap before
{Heap before GC invocations=9 (full 0):
 garbage-first heap   total 60416K, used 41962K [0x00000000a0c00000, 0x0000000100000000)
  region size 1024K, 27 young (27648K), 4 survivors (4096K)
 Metaspace       used 32368K, committed 32576K, reserved 1081344K
  class space    used 4109K, committed 4224K, reserved 1048576K
}
Event: 4.255 GC heap after
{Heap after GC invocations=10 (full 0):
 garbage-first heap   total 60416K, used 24049K [0x00000000a0c00000, 0x0000000100000000)
  region size 1024K, 4 young (4096K), 4 survivors (4096K)
 Metaspace       used 32368K, committed 32576K, reserved 1081344K
  class space    used 4109K, committed 4224K, reserved 1048576K
}
Event: 4.385 GC heap before
{Heap before GC invocations=10 (full 0):
 garbage-first heap   total 60416K, used 42481K [0x00000000a0c00000, 0x0000000100000000)
  region size 1024K, 23 young (23552K), 4 survivors (4096K)
 Metaspace       used 32695K, committed 33024K, reserved 1081344K
  class space    used 4160K, committed 4288K, reserved 1048576K
}
Event: 4.394 GC heap after
{Heap after GC invocations=11 (full 0):
 garbage-first heap   total 60416K, used 30809K [0x00000000a0c00000, 0x0000000100000000)
  region size 1024K, 3 young (3072K), 3 survivors (3072K)
 Metaspace       used 32695K, committed 33024K, reserved 1081344K
  class space    used 4160K, committed 4288K, reserved 1048576K
}
Event: 4.709 GC heap before
{Heap before GC invocations=11 (full 0):
 garbage-first heap   total 60416K, used 43097K [0x00000000a0c00000, 0x0000000100000000)
  region size 1024K, 15 young (15360K), 3 survivors (3072K)
 Metaspace       used 33883K, committed 34176K, reserved 1081344K
  class space    used 4395K, committed 4544K, reserved 1048576K
}
Event: 4.715 GC heap after
{Heap after GC invocations=12 (full 0):
 garbage-first heap   total 86016K, used 32488K [0x00000000a0c00000, 0x0000000100000000)
  region size 1024K, 1 young (1024K), 1 survivors (1024K)
 Metaspace       used 33883K, committed 34176K, reserved 1081344K
  class space    used 4395K, committed 4544K, reserved 1048576K
}
Event: 5.019 GC heap before
{Heap before GC invocations=13 (full 0):
 garbage-first heap   total 86016K, used 60136K [0x00000000a0c00000, 0x0000000100000000)
  region size 1024K, 29 young (29696K), 1 survivors (1024K)
 Metaspace       used 33934K, committed 34240K, reserved 1081344K
  class space    used 4405K, committed 4544K, reserved 1048576K
}
Event: 5.035 GC heap after
{Heap after GC invocations=14 (full 0):
 garbage-first heap   total 86016K, used 40916K [0x00000000a0c00000, 0x0000000100000000)
  region size 1024K, 4 young (4096K), 4 survivors (4096K)
 Metaspace       used 33934K, committed 34240K, reserved 1081344K
  class space    used 4405K, committed 4544K, reserved 1048576K
}
Event: 5.094 GC heap before
{Heap before GC invocations=14 (full 0):
 garbage-first heap   total 86016K, used 60372K [0x00000000a0c00000, 0x0000000100000000)
  region size 1024K, 24 young (24576K), 4 survivors (4096K)
 Metaspace       used 34162K, committed 34496K, reserved 1081344K
  class space    used 4427K, committed 4608K, reserved 1048576K
}
Event: 5.098 GC heap after
{Heap after GC invocations=15 (full 0):
 garbage-first heap   total 86016K, used 42585K [0x00000000a0c00000, 0x0000000100000000)
  region size 1024K, 2 young (2048K), 2 survivors (2048K)
 Metaspace       used 34162K, committed 34496K, reserved 1081344K
  class space    used 4427K, committed 4608K, reserved 1048576K
}
Event: 5.125 GC heap before
{Heap before GC invocations=15 (full 0):
 garbage-first heap   total 86016K, used 61017K [0x00000000a0c00000, 0x0000000100000000)
  region size 1024K, 21 young (21504K), 2 survivors (2048K)
 Metaspace       used 34162K, committed 34496K, reserved 1081344K
  class space    used 4427K, committed 4608K, reserved 1048576K
}
Event: 5.127 GC heap after
{Heap after GC invocations=16 (full 0):
 garbage-first heap   total 86016K, used 43355K [0x00000000a0c00000, 0x0000000100000000)
  region size 1024K, 3 young (3072K), 3 survivors (3072K)
 Metaspace       used 34162K, committed 34496K, reserved 1081344K
  class space    used 4427K, committed 4608K, reserved 1048576K
}
Event: 5.164 GC heap before
{Heap before GC invocations=16 (full 0):
 garbage-first heap   total 86016K, used 62811K [0x00000000a0c00000, 0x0000000100000000)
  region size 1024K, 23 young (23552K), 3 survivors (3072K)
 Metaspace       used 34162K, committed 34496K, reserved 1081344K
  class space    used 4427K, committed 4608K, reserved 1048576K
}
Event: 5.167 GC heap after
{Heap after GC invocations=17 (full 0):
 garbage-first heap   total 86016K, used 44621K [0x00000000a0c00000, 0x0000000100000000)
  region size 1024K, 3 young (3072K), 3 survivors (3072K)
 Metaspace       used 34162K, committed 34496K, reserved 1081344K
  class space    used 4427K, committed 4608K, reserved 1048576K
}
Event: 5.222 GC heap before
{Heap before GC invocations=18 (full 0):
 garbage-first heap   total 87040K, used 64077K [0x00000000a0c00000, 0x0000000100000000)
  region size 1024K, 23 young (23552K), 3 survivors (3072K)
 Metaspace       used 34162K, committed 34496K, reserved 1081344K
  class space    used 4427K, committed 4608K, reserved 1048576K
}
Event: 5.224 GC heap after
{Heap after GC invocations=19 (full 0):
 garbage-first heap   total 87040K, used 45310K [0x00000000a0c00000, 0x0000000100000000)
  region size 1024K, 3 young (3072K), 3 survivors (3072K)
 Metaspace       used 34162K, committed 34496K, reserved 1081344K
  class space    used 4427K, committed 4608K, reserved 1048576K
}
Event: 5.270 GC heap before
{Heap before GC invocations=19 (full 0):
 garbage-first heap   total 87040K, used 65790K [0x00000000a0c00000, 0x0000000100000000)
  region size 1024K, 24 young (24576K), 3 survivors (3072K)
 Metaspace       used 34162K, committed 34496K, reserved 1081344K
  class space    used 4427K, committed 4608K, reserved 1048576K
}

