# JRE version: OpenJDK Runtime Environment Temurin-17.0.3+7 (17.0.3+7) (build 17.0.3+7)
# Java VM: OpenJDK 64-Bit Server VM Temurin-17.0.3+7 (17.0.3+7, mixed mode, emulated-client, tiered, compressed oops, compressed class ptrs, g1 gc, windows-amd64)
GC Precious Log:
 CPUs: 8 total, 8 available
 Memory: 6091M
 Large Page Support: Disabled
 NUMA Support: Disabled
 Compressed Oops: Enabled (32-bit)
 Heap Region Size: 1M
 Heap Min Capacity: 8M
 Heap Initial Capacity: 96M
 Heap Max Capacity: 1524M
 Pre-touch: Disabled
 Parallel Workers: 8
 Concurrent Workers: 2
 Concurrent Refinement Workers: 8
 Periodic GC: Disabled
Heap:
 garbage-first heap   total 111616K, used 46860K [0x00000000a0c00000, 0x0000000100000000)
  region size 1024K, 3 young (3072K), 3 survivors (3072K)
 Metaspace       used 34163K, committed 34560K, reserved 1081344K
  class space    used 4428K, committed 4608K, reserved 1048576K
GC Heap History (20 events):
Event: 3.417 GC heap after
{Heap after GC invocations=7 (full 0):
 garbage-first heap   total 40960K, used 15034K [0x00000000a0c00000, 0x0000000100000000)
  region size 1024K, 2 young (2048K), 2 survivors (2048K)
 Metaspace       used 27108K, committed 27328K, reserved 1073152K
  class space    used 3390K, committed 3520K, reserved 1048576K
}
Event: 3.812 GC heap before
{Heap before GC invocations=7 (full 0):
 garbage-first heap   total 40960K, used 28346K [0x00000000a0c00000, 0x0000000100000000)
  region size 1024K, 16 young (16384K), 2 survivors (2048K)
 Metaspace       used 29433K, committed 29696K, reserved 1081344K
  class space    used 3706K, committed 3840K, reserved 1048576K
}
Event: 3.822 GC heap after
{Heap after GC invocations=8 (full 0):
 garbage-first heap   total 63488K, used 15955K [0x00000000a0c00000, 0x0000000100000000)
  region size 1024K, 2 young (2048K), 2 survivors (2048K)
 Metaspace       used 29433K, committed 29696K, reserved 1081344K
  class space    used 3706K, committed 3840K, reserved 1048576K
}
Event: 4.224 GC heap before
{Heap before GC invocations=8 (full 0):
 garbage-first heap   total 63488K, used 41555K [0x00000000a0c00000, 0x0000000100000000)
  region size 1024K, 28 young (28672K), 2 survivors (2048K)
 Metaspace       used 32095K, committed 32320K, reserved 1081344K
  class space    used 4066K, committed 4160K, reserved 1048576K
}
Event: 4.229 GC heap after
{Heap after GC invocations=9 (full 0):
 garbage-first heap   total 63488K, used 20111K [0x00000000a0c00000, 0x0000000100000000)
  region size 1024K, 4 young (4096K), 4 survivors (4096K)
 Metaspace       used 32095K, committed 32320K, reserved 1081344K
  class space    used 4066K, committed 4160K, reserved 1048576K
}
Event: 4.330 GC heap before
{Heap before GC invocations=9 (full 0):
 garbage-first heap   total 63488K, used 43663K [0x00000000a0c00000, 0x0000000100000000)
  region size 1024K, 28 young (28672K), 4 survivors (4096K)
 Metaspace       used 32352K, committed 32640K, reserved 1081344K
  class space    used 4107K, committed 4224K, reserved 1048576K
}
Event: 4.336 GC heap after
{Heap after GC invocations=10 (full 0):
 garbage-first heap   total 63488K, used 24672K [0x00000000a0c00000, 0x0000000100000000)
  region size 1024K, 4 young (4096K), 4 survivors (4096K)
 Metaspace       used 32352K, committed 32640K, reserved 1081344K
  class space    used 4107K, committed 4224K, reserved 1048576K
}
Event: 4.473 GC heap before
{Heap before GC invocations=10 (full 0):
 garbage-first heap   total 63488K, used 43104K [0x00000000a0c00000, 0x0000000100000000)
  region size 1024K, 23 young (23552K), 4 survivors (4096K)
 Metaspace       used 32814K, committed 33088K, reserved 1081344K
  class space    used 4181K, committed 4288K, reserved 1048576K
}
Event: 4.484 GC heap after
{Heap after GC invocations=11 (full 0):
 garbage-first heap   total 63488K, used 31831K [0x00000000a0c00000, 0x0000000100000000)
  region size 1024K, 3 young (3072K), 3 survivors (3072K)
 Metaspace       used 32814K, committed 33088K, reserved 1081344K
  class space    used 4181K, committed 4288K, reserved 1048576K
}
Event: 4.823 GC heap before
{Heap before GC invocations=11 (full 0):
 garbage-first heap   total 63488K, used 45143K [0x00000000a0c00000, 0x0000000100000000)
  region size 1024K, 16 young (16384K), 3 survivors (3072K)
 Metaspace       used 33884K, committed 34240K, reserved 1081344K
  class space    used 4395K, committed 4544K, reserved 1048576K
}
Event: 4.827 GC heap after
{Heap after GC invocations=12 (full 0):
 garbage-first heap   total 89088K, used 33911K [0x00000000a0c00000, 0x0000000100000000)
  region size 1024K, 2 young (2048K), 2 survivors (2048K)
 Metaspace       used 33884K, committed 34240K, reserved 1081344K
  class space    used 4395K, committed 4544K, reserved 1048576K
}
Event: 5.001 GC heap before
{Heap before GC invocations=13 (full 0):
 garbage-first heap   total 89088K, used 62583K [0x00000000a0c00000, 0x0000000100000000)
  region size 1024K, 31 young (31744K), 2 survivors (2048K)
 Metaspace       used 33942K, committed 34240K, reserved 1081344K
  class space    used 4406K, committed 4544K, reserved 1048576K
}
Event: 5.014 GC heap after
{Heap after GC invocations=14 (full 0):
 garbage-first heap   total 89088K, used 42078K [0x00000000a0c00000, 0x0000000100000000)
  region size 1024K, 4 young (4096K), 4 survivors (4096K)
 Metaspace       used 33942K, committed 34240K, reserved 1081344K
  class space    used 4406K, committed 4544K, reserved 1048576K
}
Event: 5.041 GC heap before
{Heap before GC invocations=14 (full 0):
 garbage-first heap   total 89088K, used 62558K [0x00000000a0c00000, 0x0000000100000000)
  region size 1024K, 25 young (25600K), 4 survivors (4096K)
 Metaspace       used 34163K, committed 34560K, reserved 1081344K
  class space    used 4428K, committed 4608K, reserved 1048576K
}
Event: 5.044 GC heap after
{Heap after GC invocations=15 (full 0):
 garbage-first heap   total 89088K, used 43935K [0x00000000a0c00000, 0x0000000100000000)
  region size 1024K, 2 young (2048K), 2 survivors (2048K)
 Metaspace       used 34163K, committed 34560K, reserved 1081344K
  class space    used 4428K, committed 4608K, reserved 1048576K
}
Event: 5.066 GC heap before
{Heap before GC invocations=15 (full 0):
 garbage-first heap   total 89088K, used 64415K [0x00000000a0c00000, 0x0000000100000000)
  region size 1024K, 23 young (23552K), 2 survivors (2048K)
 Metaspace       used 34163K, committed 34560K, reserved 1081344K
  class space    used 4428K, committed 4608K, reserved 1048576K
}
Event: 5.068 GC heap after
{Heap after GC invocations=16 (full 0):
 garbage-first heap   total 89088K, used 44652K [0x00000000a0c00000, 0x0000000100000000)
  region size 1024K, 3 young (3072K), 3 survivors (3072K)
 Metaspace       used 34163K, committed 34560K, reserved 1081344K
  class space    used 4428K, committed 4608K, reserved 1048576K
}
Event: 5.088 GC heap before
{Heap before GC invocations=16 (full 0):
 garbage-first heap   total 89088K, used 66156K [0x00000000a0c00000, 0x0000000100000000)
  region size 1024K, 25 young (25600K), 3 survivors (3072K)
 Metaspace       used 34163K, committed 34560K, reserved 1081344K
  class space    used 4428K, committed 4608K, reserved 1048576K
}
Event: 5.090 GC heap after
{Heap after GC invocations=17 (full 0):
 garbage-first heap   total 89088K, used 45776K [0x00000000a0c00000, 0x0000000100000000)
  region size 1024K, 4 young (4096K), 4 survivors (4096K)
 Metaspace       used 34163K, committed 34560K, reserved 1081344K
  class space    used 4428K, committed 4608K, reserved 1048576K
}
Event: 5.114 GC heap before
{Heap before GC invocations=17 (full 0):
 garbage-first heap   total 111616K, used 67280K [0x00000000a0c00000, 0x0000000100000000)
  region size 1024K, 26 young (26624K), 4 survivors (4096K)
 Metaspace       used 34163K, committed 34560K, reserved 1081344K
  class space    used 4428K, committed 4608K, reserved 1048576K
}

